<?xml version="1.0" encoding="UTF-8"?>
<robot generator="Robot 7.0.1 (Python 3.12.5 on win32)" generated="2024-08-18T23:21:42.886460" rpa="false" schemaversion="5">
<suite id="s1" name="Google Search1" source="D:\testExam\tests\google_search1.robot">
<test id="s1-t1" name="Search Google with Term 1" line="5">
<kw name="Open Google And Search" owner="keywords">
<kw name="Open Browser" owner="SeleniumLibrary">
<msg time="2024-08-18T23:21:43.468550" level="INFO">Opening browser 'edge' to base url 'https://www.google.com/'.</msg>
<arg>https://www.google.com/</arg>
<arg>${BROWSER}</arg>
<doc>Opens a new browser instance to the optional ``url``.</doc>
<status status="PASS" start="2024-08-18T23:21:43.468550" elapsed="91.610785"/>
</kw>
<kw name="Input Text" owner="SeleniumLibrary">
<msg time="2024-08-18T23:23:15.080333" level="INFO">Typing text 'robot framework' into text field 'name=q'.</msg>
<arg>name=q</arg>
<arg>${search_term}</arg>
<doc>Types the given ``text`` into the text field identified by ``locator``.</doc>
<status status="PASS" start="2024-08-18T23:23:15.079335" elapsed="0.134567"/>
</kw>
<kw name="Press Keys" owner="SeleniumLibrary">
<msg time="2024-08-18T23:23:15.214901" level="INFO">Sending key(s) ('ENTER',) to name=q element.</msg>
<msg time="2024-08-18T23:23:15.508509" level="INFO">Pressing special key ENTER to element.</msg>
<msg time="2024-08-18T23:23:15.508509" level="INFO">Releasing special key ENTER.</msg>
<arg>name=q</arg>
<arg>ENTER</arg>
<doc>Simulates the user pressing key(s) to an element or on the active browser.</doc>
<status status="PASS" start="2024-08-18T23:23:15.213902" elapsed="14.090281"/>
</kw>
<arg>robot framework</arg>
<status status="PASS" start="2024-08-18T23:21:43.468550" elapsed="105.836632"/>
</kw>
<kw name="Capture Search Result" owner="keywords">
<kw name="Get Title" owner="SeleniumLibrary">
<msg time="2024-08-18T23:23:29.312184" level="INFO">${actual_result} = robot framework - ค้นหาด้วย Google</msg>
<var>${actual_result}</var>
<doc>Returns the title of the current page.</doc>
<status status="PASS" start="2024-08-18T23:23:29.306183" elapsed="0.006001"/>
</kw>
<kw name="Run Keyword And Return Status" owner="BuiltIn">
<kw name="Should Contain" owner="BuiltIn">
<arg>${actual_result}</arg>
<arg>${search_term}</arg>
<doc>Fails if ``container`` does not contain ``item`` one or more times.</doc>
<status status="PASS" start="2024-08-18T23:23:29.312184" elapsed="0.000999"/>
</kw>
<msg time="2024-08-18T23:23:29.313183" level="INFO">${status} = True</msg>
<var>${status}</var>
<arg>Should Contain</arg>
<arg>${actual_result}</arg>
<arg>${search_term}</arg>
<doc>Runs the given keyword with given arguments and returns the status as a Boolean value.</doc>
<status status="PASS" start="2024-08-18T23:23:29.312184" elapsed="0.000999"/>
</kw>
<kw name="Run Keyword If" owner="BuiltIn">
<kw name="Set Variable" owner="BuiltIn">
<arg>pass</arg>
<doc>Returns the given values which can then be assigned to a variables.</doc>
<status status="PASS" start="2024-08-18T23:23:29.313183" elapsed="0.000000"/>
</kw>
<msg time="2024-08-18T23:23:29.313183" level="INFO">${final_status} = pass</msg>
<var>${final_status}</var>
<arg>${status}</arg>
<arg>Set Variable</arg>
<arg>pass</arg>
<arg>ELSE</arg>
<arg>Set Variable</arg>
<arg>fail</arg>
<doc>Runs the given keyword with the given arguments, if ``condition`` is true.</doc>
<status status="PASS" start="2024-08-18T23:23:29.313183" elapsed="0.000000"/>
</kw>
<kw name="Get Current Date" owner="DateTime">
<msg time="2024-08-18T23:23:29.314184" level="INFO">${date} = 18-08-2024</msg>
<var>${date}</var>
<arg>result_format=%d-%m-%Y</arg>
<doc>Returns current local or UTC time with an optional increment.</doc>
<status status="PASS" start="2024-08-18T23:23:29.313183" elapsed="0.001001"/>
</kw>
<kw name="Write Test Result To Excel" owner="keywords">
<kw name="Evaluate" owner="BuiltIn">
<msg time="2024-08-18T23:23:29.314184" level="INFO">${row} = 2</msg>
<var>${row}</var>
<arg>int(${row})</arg>
<doc>Evaluates the given expression in Python and returns the result.</doc>
<status status="PASS" start="2024-08-18T23:23:29.314184" elapsed="0.000000"/>
</kw>
<if>
<branch type="IF" condition="${row} == 2">
<kw name="Create Excel Document" owner="ExcelLibrary">
<arg>${EXCEL_FILE}</arg>
<doc>Creates new excel document.</doc>
<status status="PASS" start="2024-08-18T23:23:29.315183" elapsed="0.000000"/>
</kw>
<kw name="Write Excel Cell" owner="ExcelLibrary">
<arg>1</arg>
<arg>1</arg>
<arg>Test Cases</arg>
<doc>Writes value to the cell.</doc>
<status status="PASS" start="2024-08-18T23:23:29.315183" elapsed="0.001506"/>
</kw>
<kw name="Write Excel Cell" owner="ExcelLibrary">
<arg>1</arg>
<arg>2</arg>
<arg>Search Term</arg>
<doc>Writes value to the cell.</doc>
<status status="PASS" start="2024-08-18T23:23:29.316689" elapsed="0.000000"/>
</kw>
<kw name="Write Excel Cell" owner="ExcelLibrary">
<arg>1</arg>
<arg>3</arg>
<arg>Actual</arg>
<doc>Writes value to the cell.</doc>
<status status="PASS" start="2024-08-18T23:23:29.316689" elapsed="0.000000"/>
</kw>
<kw name="Write Excel Cell" owner="ExcelLibrary">
<arg>1</arg>
<arg>4</arg>
<arg>Result (pass, fail)</arg>
<doc>Writes value to the cell.</doc>
<status status="PASS" start="2024-08-18T23:23:29.316689" elapsed="0.000000"/>
</kw>
<kw name="Write Excel Cell" owner="ExcelLibrary">
<arg>1</arg>
<arg>5</arg>
<arg>Date</arg>
<doc>Writes value to the cell.</doc>
<status status="PASS" start="2024-08-18T23:23:29.316689" elapsed="0.000000"/>
</kw>
<kw name="Write Excel Cell" owner="ExcelLibrary">
<arg>1</arg>
<arg>6</arg>
<arg>Tester</arg>
<doc>Writes value to the cell.</doc>
<status status="PASS" start="2024-08-18T23:23:29.317698" elapsed="0.000000"/>
</kw>
<status status="PASS" start="2024-08-18T23:23:29.315183" elapsed="0.002515"/>
</branch>
<branch type="ELSE">
<kw name="Open Excel Document" owner="ExcelLibrary">
<arg>${EXCEL_FILE}</arg>
<arg>doc_id=doc1</arg>
<doc>Opens xlsx document file.</doc>
<status status="NOT RUN" start="2024-08-18T23:23:29.317698" elapsed="0.000000"/>
</kw>
<status status="NOT RUN" start="2024-08-18T23:23:29.317698" elapsed="0.000000"/>
</branch>
<status status="PASS" start="2024-08-18T23:23:29.314184" elapsed="0.003514"/>
</if>
<kw name="Write Excel Cell" owner="ExcelLibrary">
<arg>${row}</arg>
<arg>1</arg>
<arg>${TestCase}</arg>
<doc>Writes value to the cell.</doc>
<status status="PASS" start="2024-08-18T23:23:29.317698" elapsed="0.000000"/>
</kw>
<kw name="Write Excel Cell" owner="ExcelLibrary">
<arg>${row}</arg>
<arg>2</arg>
<arg>${Username}</arg>
<doc>Writes value to the cell.</doc>
<status status="PASS" start="2024-08-18T23:23:29.317698" elapsed="0.000000"/>
</kw>
<kw name="Write Excel Cell" owner="ExcelLibrary">
<arg>${row}</arg>
<arg>3</arg>
<arg>${actual_result}</arg>
<doc>Writes value to the cell.</doc>
<status status="PASS" start="2024-08-18T23:23:29.317698" elapsed="0.001000"/>
</kw>
<kw name="Write Excel Cell" owner="ExcelLibrary">
<arg>${row}</arg>
<arg>4</arg>
<arg>${status}</arg>
<doc>Writes value to the cell.</doc>
<status status="PASS" start="2024-08-18T23:23:29.318698" elapsed="0.000000"/>
</kw>
<kw name="Write Excel Cell" owner="ExcelLibrary">
<arg>${row}</arg>
<arg>5</arg>
<arg>${date}</arg>
<doc>Writes value to the cell.</doc>
<status status="PASS" start="2024-08-18T23:23:29.318698" elapsed="0.000000"/>
</kw>
<kw name="Write Excel Cell" owner="ExcelLibrary">
<arg>${row}</arg>
<arg>6</arg>
<arg>${TESTER_NAME}</arg>
<doc>Writes value to the cell.</doc>
<status status="PASS" start="2024-08-18T23:23:29.318698" elapsed="0.000000"/>
</kw>
<kw name="Save Excel Document" owner="ExcelLibrary">
<arg>${EXCEL_FILE}</arg>
<doc>Saves the current document to disk.</doc>
<status status="PASS" start="2024-08-18T23:23:29.318698" elapsed="0.013000"/>
</kw>
<kw name="Close All Excel Documents" owner="ExcelLibrary">
<doc>Closes all opened documents.</doc>
<status status="PASS" start="2024-08-18T23:23:29.331698" elapsed="0.000000"/>
</kw>
<arg>${row}</arg>
<arg>${TestCase}</arg>
<arg>${search_term}</arg>
<arg>${final_status}</arg>
<arg>${date}</arg>
<arg>${TESTER_NAME}</arg>
<arg>${actual_result}</arg>
<arg>${EXCEL_FILE}</arg>
<status status="PASS" start="2024-08-18T23:23:29.314184" elapsed="0.017514"/>
</kw>
<arg>2</arg>
<arg>TC1</arg>
<arg>robot framework</arg>
<arg>Supphalak</arg>
<status status="PASS" start="2024-08-18T23:23:29.305182" elapsed="0.027517"/>
</kw>
<kw name="Close Browser" owner="SeleniumLibrary">
<doc>Closes the current browser.</doc>
<status status="PASS" start="2024-08-18T23:23:29.332699" elapsed="2.320278"/>
</kw>
<status status="PASS" start="2024-08-18T23:21:43.467550" elapsed="108.186429"/>
</test>
<status status="PASS" start="2024-08-18T23:21:42.888461" elapsed="108.766517"/>
</suite>
<statistics>
<total>
<stat pass="1" fail="0" skip="0">All Tests</stat>
</total>
<tag>
</tag>
<suite>
<stat pass="1" fail="0" skip="0" id="s1" name="Google Search1">Google Search1</stat>
</suite>
</statistics>
<errors>
</errors>
</robot>
