<?xml version="1.0" encoding="UTF-8"?>
<robot generator="Robot 7.0.1 (Python 3.12.5 on win32)" generated="2024-08-19T01:01:20.645239" rpa="false" schemaversion="5">
<suite id="s1" name="Google Search" source="D:\testExam\google_search.robot">
<test id="s1-t1" name="Search Google with Term 4" line="26">
<kw name="Open Google And Search" owner="keywords">
<kw name="Open Browser" owner="SeleniumLibrary">
<msg time="2024-08-19T01:01:21.259693" level="INFO">Opening browser 'edge' to base url 'https://www.google.com/'.</msg>
<arg>https://www.google.com/</arg>
<arg>${BROWSER}</arg>
<doc>Opens a new browser instance to the optional ``url``.</doc>
<status status="PASS" start="2024-08-19T01:01:21.258690" elapsed="4.633658"/>
</kw>
<kw name="Input Text" owner="SeleniumLibrary">
<msg time="2024-08-19T01:01:25.893347" level="INFO">Typing text 'machine learning' into text field 'name=q'.</msg>
<arg>name=q</arg>
<arg>${search_term}</arg>
<doc>Types the given ``text`` into the text field identified by ``locator``.</doc>
<status status="PASS" start="2024-08-19T01:01:25.892348" elapsed="0.100513"/>
</kw>
<kw name="Press Keys" owner="SeleniumLibrary">
<msg time="2024-08-19T01:01:25.993866" level="INFO">Sending key(s) ('ENTER',) to name=q element.</msg>
<msg time="2024-08-19T01:01:26.286057" level="INFO">Pressing special key ENTER to element.</msg>
<msg time="2024-08-19T01:01:26.287070" level="INFO">Releasing special key ENTER.</msg>
<arg>name=q</arg>
<arg>ENTER</arg>
<doc>Simulates the user pressing key(s) to an element or on the active browser.</doc>
<status status="PASS" start="2024-08-19T01:01:25.992861" elapsed="1.783118"/>
</kw>
<arg>machine learning</arg>
<status status="PASS" start="2024-08-19T01:01:21.258690" elapsed="6.517289"/>
</kw>
<kw name="Capture Search Result" owner="keywords">
<kw name="Get Title" owner="SeleniumLibrary">
<msg time="2024-08-19T01:01:27.782974" level="INFO">${actual_result} = machine learning - ค้นหาด้วย Google</msg>
<var>${actual_result}</var>
<doc>Returns the title of the current page.</doc>
<status status="PASS" start="2024-08-19T01:01:27.776975" elapsed="0.005999"/>
</kw>
<kw name="Run Keyword And Return Status" owner="BuiltIn">
<kw name="Should Contain" owner="BuiltIn">
<arg>${actual_result}</arg>
<arg>${search_term}</arg>
<doc>Fails if ``container`` does not contain ``item`` one or more times.</doc>
<status status="PASS" start="2024-08-19T01:01:27.783974" elapsed="0.001008"/>
</kw>
<msg time="2024-08-19T01:01:27.784982" level="INFO">${status} = True</msg>
<var>${status}</var>
<arg>Should Contain</arg>
<arg>${actual_result}</arg>
<arg>${search_term}</arg>
<doc>Runs the given keyword with given arguments and returns the status as a Boolean value.</doc>
<status status="PASS" start="2024-08-19T01:01:27.783974" elapsed="0.001008"/>
</kw>
<kw name="Run Keyword If" owner="BuiltIn">
<kw name="Set Variable" owner="BuiltIn">
<arg>pass</arg>
<doc>Returns the given values which can then be assigned to a variables.</doc>
<status status="PASS" start="2024-08-19T01:01:27.784982" elapsed="0.000000"/>
</kw>
<msg time="2024-08-19T01:01:27.785977" level="INFO">${final_status} = pass</msg>
<var>${final_status}</var>
<arg>${status}</arg>
<arg>Set Variable</arg>
<arg>pass</arg>
<arg>ELSE</arg>
<arg>Set Variable</arg>
<arg>fail</arg>
<doc>Runs the given keyword with the given arguments, if ``condition`` is true.</doc>
<status status="PASS" start="2024-08-19T01:01:27.784982" elapsed="0.000995"/>
</kw>
<kw name="Get Current Date" owner="DateTime">
<msg time="2024-08-19T01:01:27.785977" level="INFO">${date} = 19-08-2024</msg>
<var>${date}</var>
<arg>result_format=%d-%m-%Y</arg>
<doc>Returns current local or UTC time with an optional increment.</doc>
<status status="PASS" start="2024-08-19T01:01:27.785977" elapsed="0.000000"/>
</kw>
<kw name="Write Test Result To Excel" owner="keywords">
<kw name="Evaluate" owner="BuiltIn">
<msg time="2024-08-19T01:01:27.787972" level="INFO">${row} = 5</msg>
<var>${row}</var>
<arg>int(${row})</arg>
<doc>Evaluates the given expression in Python and returns the result.</doc>
<status status="PASS" start="2024-08-19T01:01:27.786984" elapsed="0.000988"/>
</kw>
<if>
<branch type="IF" condition="${row} == 2">
<kw name="Create Excel Document" owner="ExcelLibrary">
<arg>${EXCEL_FILE}</arg>
<doc>Creates new excel document.</doc>
<status status="NOT RUN" start="2024-08-19T01:01:27.787972" elapsed="0.000000"/>
</kw>
<kw name="Write Excel Cell" owner="ExcelLibrary">
<arg>1</arg>
<arg>1</arg>
<arg>Test Cases</arg>
<doc>Writes value to the cell.</doc>
<status status="NOT RUN" start="2024-08-19T01:01:27.787972" elapsed="0.000000"/>
</kw>
<kw name="Write Excel Cell" owner="ExcelLibrary">
<arg>1</arg>
<arg>2</arg>
<arg>Search Term</arg>
<doc>Writes value to the cell.</doc>
<status status="NOT RUN" start="2024-08-19T01:01:27.787972" elapsed="0.001016"/>
</kw>
<kw name="Write Excel Cell" owner="ExcelLibrary">
<arg>1</arg>
<arg>3</arg>
<arg>Actual</arg>
<doc>Writes value to the cell.</doc>
<status status="NOT RUN" start="2024-08-19T01:01:27.788988" elapsed="0.000000"/>
</kw>
<kw name="Write Excel Cell" owner="ExcelLibrary">
<arg>1</arg>
<arg>4</arg>
<arg>Result (pass, fail)</arg>
<doc>Writes value to the cell.</doc>
<status status="NOT RUN" start="2024-08-19T01:01:27.788988" elapsed="0.000000"/>
</kw>
<kw name="Write Excel Cell" owner="ExcelLibrary">
<arg>1</arg>
<arg>5</arg>
<arg>Date</arg>
<doc>Writes value to the cell.</doc>
<status status="NOT RUN" start="2024-08-19T01:01:27.788988" elapsed="0.000000"/>
</kw>
<kw name="Write Excel Cell" owner="ExcelLibrary">
<arg>1</arg>
<arg>6</arg>
<arg>Tester</arg>
<doc>Writes value to the cell.</doc>
<status status="NOT RUN" start="2024-08-19T01:01:27.788988" elapsed="0.000000"/>
</kw>
<status status="NOT RUN" start="2024-08-19T01:01:27.787972" elapsed="0.001016"/>
</branch>
<branch type="ELSE">
<kw name="Open Excel Document" owner="ExcelLibrary">
<arg>${EXCEL_FILE}</arg>
<arg>doc_id=doc1</arg>
<doc>Opens xlsx document file.</doc>
<status status="PASS" start="2024-08-19T01:01:27.789975" elapsed="0.007004"/>
</kw>
<status status="PASS" start="2024-08-19T01:01:27.788988" elapsed="0.007991"/>
</branch>
<status status="PASS" start="2024-08-19T01:01:27.787972" elapsed="0.009007"/>
</if>
<kw name="Write Excel Cell" owner="ExcelLibrary">
<arg>${row}</arg>
<arg>1</arg>
<arg>${TestCase}</arg>
<doc>Writes value to the cell.</doc>
<status status="PASS" start="2024-08-19T01:01:27.796979" elapsed="0.000994"/>
</kw>
<kw name="Write Excel Cell" owner="ExcelLibrary">
<arg>${row}</arg>
<arg>2</arg>
<arg>${Username}</arg>
<doc>Writes value to the cell.</doc>
<status status="PASS" start="2024-08-19T01:01:27.797973" elapsed="0.000000"/>
</kw>
<kw name="Write Excel Cell" owner="ExcelLibrary">
<arg>${row}</arg>
<arg>3</arg>
<arg>${actual_result}</arg>
<doc>Writes value to the cell.</doc>
<status status="PASS" start="2024-08-19T01:01:27.797973" elapsed="0.001011"/>
</kw>
<kw name="Write Excel Cell" owner="ExcelLibrary">
<arg>${row}</arg>
<arg>4</arg>
<arg>${status}</arg>
<doc>Writes value to the cell.</doc>
<status status="PASS" start="2024-08-19T01:01:27.798984" elapsed="0.000000"/>
</kw>
<kw name="Write Excel Cell" owner="ExcelLibrary">
<arg>${row}</arg>
<arg>5</arg>
<arg>${date}</arg>
<doc>Writes value to the cell.</doc>
<status status="PASS" start="2024-08-19T01:01:27.798984" elapsed="0.000000"/>
</kw>
<kw name="Write Excel Cell" owner="ExcelLibrary">
<arg>${row}</arg>
<arg>6</arg>
<arg>${TESTER_NAME}</arg>
<doc>Writes value to the cell.</doc>
<status status="PASS" start="2024-08-19T01:01:27.799974" elapsed="0.000000"/>
</kw>
<kw name="Save Excel Document" owner="ExcelLibrary">
<arg>${EXCEL_FILE}</arg>
<doc>Saves the current document to disk.</doc>
<status status="PASS" start="2024-08-19T01:01:27.799974" elapsed="0.018004"/>
</kw>
<kw name="Close All Excel Documents" owner="ExcelLibrary">
<doc>Closes all opened documents.</doc>
<status status="PASS" start="2024-08-19T01:01:27.817978" elapsed="0.000000"/>
</kw>
<arg>${row}</arg>
<arg>${TestCase}</arg>
<arg>${search_term}</arg>
<arg>${final_status}</arg>
<arg>${date}</arg>
<arg>${TESTER_NAME}</arg>
<arg>${actual_result}</arg>
<arg>${EXCEL_FILE}</arg>
<status status="PASS" start="2024-08-19T01:01:27.786984" elapsed="0.030994"/>
</kw>
<arg>5</arg>
<arg>TC4</arg>
<arg>machine learning</arg>
<arg>Supphalak</arg>
<status status="PASS" start="2024-08-19T01:01:27.776975" elapsed="0.041003"/>
</kw>
<kw name="Close Browser" owner="SeleniumLibrary">
<doc>Closes the current browser.</doc>
<status status="PASS" start="2024-08-19T01:01:27.818975" elapsed="2.237081"/>
</kw>
<doc>This test case searches for the term 'machine learning' on Google and verifies that the page title contains the search term.</doc>
<tag>Search2</tag>
<status status="PASS" start="2024-08-19T01:01:21.257693" elapsed="8.799356"/>
</test>
<status status="PASS" start="2024-08-19T01:01:20.647251" elapsed="9.410801"/>
</suite>
<statistics>
<total>
<stat pass="1" fail="0" skip="0">All Tests</stat>
</total>
<tag>
<stat pass="1" fail="0" skip="0">Search2</stat>
</tag>
<suite>
<stat pass="1" fail="0" skip="0" id="s1" name="Google Search">Google Search</stat>
</suite>
</statistics>
<errors>
</errors>
</robot>
